18:28:35.635 [main] INFO  Test_File.TC1_Login_Page - ***Starting_TC1_Login_Page***
18:28:35.648 [main] INFO  Test_File.TC1_Login_Page - ***Core User login***
18:28:44.017 [main] INFO  Test_File.TC1_Login_Page - ****Logout from Meeting page***
23:40:28.114 [main] INFO  Test_File.TC1_Login_Page - ***Starting_TC1_Login_Page***
23:40:28.152 [main] INFO  Test_File.TC1_Login_Page - ***Core User login***
23:40:36.637 [main] INFO  Test_File.TC1_Login_Page - ****Logout from Meeting page***
23:28:03.542 [main] INFO  Test_File.TC1_Login_Page - ***Starting_TC1_Login_Page***
23:28:03.601 [main] INFO  Test_File.TC1_Login_Page - ***Core User login***
23:51:27.101 [main] INFO  Test_File.TC1_Login_Page - ***Starting_TC1_Login_Page***
23:51:27.135 [main] INFO  Test_File.TC1_Login_Page - ***Core User login***
22:43:48.459 [main] INFO  Test_File.TC1_Login_Page - ***Starting_TC1_Login_Page***
22:43:48.487 [main] INFO  Test_File.TC1_Login_Page - ***Core User login***
22:44:48.880 [main] INFO  Test_File.TC1_Login_Page - ***Starting_TC1_Login_Page***
22:44:48.892 [main] INFO  Test_File.TC1_Login_Page - ***Core User login***
22:47:23.790 [main] INFO  Test_File.TC1_Login_Page - ***Starting_TC1_Login_Page***
22:47:23.800 [main] INFO  Test_File.TC1_Login_Page - ***Core User login***
22:47:35.296 [main] INFO  Test_File.TC1_Login_Page - ***Starting_TC1_Login_Page***
22:47:35.328 [main] INFO  Test_File.TC1_Login_Page - ***Core User login***
22:48:17.864 [main] INFO  Test_File.TC1_Login_Page - ***Starting_TC1_Login_Page***
22:48:17.886 [main] INFO  Test_File.TC1_Login_Page - ***Core User login***
22:49:18.962 [main] INFO  Test_File.TC1_Login_Page - ***Starting_TC1_Login_Page***
22:49:18.990 [main] INFO  Test_File.TC1_Login_Page - ***Core User login***
08:00:46.209 [main] INFO  Test_File.TC1_Login_Page - ***Starting_TC1_Login_Page***
08:00:46.256 [main] INFO  Test_File.TC1_Login_Page - ***Core User login***
08:38:49.724 [main] INFO  Test_File.TC1_Login_Page - ***Starting_TC1_Login_Page***
08:38:49.749 [main] INFO  Test_File.TC1_Login_Page - ***Core User login***
08:40:09.349 [main] INFO  Test_File.TC1_Login_Page - ***Starting_TC1_Login_Page***
08:40:09.367 [main] INFO  Test_File.TC1_Login_Page - ***Core User login***
18:29:16.580 [main] INFO  Test_File.TC1_Login_Page - ***Starting_TC1_Login_Page***
18:29:16.595 [main] INFO  Test_File.TC1_Login_Page - ***Core User login***
10:45:47.188 [main] INFO  Test_File.TC1_Login_Page - ***Starting_TC1_Login_Page***
10:45:47.225 [main] INFO  Test_File.TC1_Login_Page - ***Core User login***
10:48:14.383 [main] INFO  Test_File.TC1_Login_Page - ***Starting_TC1_Login_Page***
10:48:14.395 [main] INFO  Test_File.TC1_Login_Page - ***Core User login***
11:00:05.610 [main] INFO  Test_File.TC1_Login_Page - ***Starting_TC1_Login_Page***
11:00:05.645 [main] INFO  Test_File.TC1_Login_Page - ***Core User login***
11:00:59.439 [main] INFO  Test_File.TC1_Login_Page - ***Starting_TC1_Login_Page***
11:00:59.471 [main] INFO  Test_File.TC1_Login_Page - ***Core User login***
11:02:36.184 [main] INFO  Test_File.TC1_Login_Page - ***Starting_TC1_Login_Page***
11:02:36.258 [main] INFO  Test_File.TC1_Login_Page - ***Core User login***
11:04:28.364 [main] INFO  Test_File.TC1_Login_Page - ***Starting_TC1_Login_Page***
11:04:28.400 [main] INFO  Test_File.TC1_Login_Page - ***Core User login***
11:06:34.650 [main] INFO  Test_File.TC1_Login_Page - ***Starting_TC1_Login_Page***
11:06:34.664 [main] INFO  Test_File.TC1_Login_Page - ***Core User login***
11:12:08.341 [main] INFO  Test_File.TC1_Login_Page - ***Starting_TC1_Login_Page***
11:12:08.360 [main] INFO  Test_File.TC1_Login_Page - ***Core User login***
11:13:21.987 [main] INFO  Test_File.TC1_Login_Page - ***Starting_TC1_Login_Page***
11:13:22.006 [main] INFO  Test_File.TC1_Login_Page - ***Core User login***
12:03:10.914 [main] INFO  Test_File.TC1_Login_Page - ***Starting_TC1_Login_Page***
12:03:10.925 [main] INFO  Test_File.TC1_Login_Page - ***Core User login***
12:22:05.179 [main] INFO  Test_File.TC1_Login_Page - ***Starting_TC1_Login_Page***
12:22:05.212 [main] INFO  Test_File.TC1_Login_Page - ***Core User login***
12:32:41.165 [main] INFO  Test_File.TC1_Login_Page - ***Starting_TC1_Login_Page***
12:32:41.208 [main] INFO  Test_File.TC1_Login_Page - ***Core User login***
12:55:43.890 [main] INFO  Test_File.TC1_Login_Page - ***Starting_TC1_Login_Page***
12:55:43.906 [main] INFO  Test_File.TC1_Login_Page - ***Core User login***
12:57:19.218 [main] INFO  Test_File.TC1_Login_Page - ***Starting_TC1_Login_Page***
12:57:19.235 [main] INFO  Test_File.TC1_Login_Page - ***Core User login***
12:59:13.662 [main] INFO  Test_File.TC1_Login_Page - ***Starting_TC1_Login_Page***
12:59:13.675 [main] INFO  Test_File.TC1_Login_Page - ***Core User login***
13:18:42.007 [main] INFO  Test_File.TC1_Login_Page - ***Starting_TC1_Login_Page***
13:18:42.023 [main] INFO  Test_File.TC1_Login_Page - ***Core User login***
13:25:21.368 [main] INFO  Test_File.TC1_Login_Page - ***Starting_TC1_Login_Page***
13:25:21.406 [main] INFO  Test_File.TC1_Login_Page - ***Core User login***
13:42:20.819 [main] INFO  Test_File.TC1_Login_Page - ***Starting_TC1_Login_Page***
13:42:20.848 [main] INFO  Test_File.TC1_Login_Page - ***Core User login***
13:47:37.555 [main] INFO  Test_File.TC1_Login_Page - ***Starting_TC1_Login_Page***
13:47:37.590 [main] INFO  Test_File.TC1_Login_Page - ***Core User login***
14:06:41.950 [main] INFO  Test_File.TC1_Login_Page - ***Starting_TC1_Login_Page***
14:06:41.969 [main] INFO  Test_File.TC1_Login_Page - ***Core User login***
14:08:03.869 [main] INFO  Test_File.TC1_Login_Page - ***Starting_TC1_Login_Page***
14:08:03.899 [main] INFO  Test_File.TC1_Login_Page - ***Core User login***
14:09:36.835 [main] INFO  Test_File.TC1_Login_Page - ***Starting_TC1_Login_Page***
14:09:36.854 [main] INFO  Test_File.TC1_Login_Page - ***Core User login***
22:15:37.160 [main] INFO  Test_File.TC1_Login_Page - ***Starting_TC1_Login_Page***
22:15:37.203 [main] INFO  Test_File.TC1_Login_Page - ***Core User login***
22:16:39.751 [main] INFO  Test_File.TC1_Login_Page - ***Starting_TC1_Login_Page***
22:16:39.792 [main] INFO  Test_File.TC1_Login_Page - ***Core User login***
22:18:46.086 [main] INFO  Test_File.TC1_Login_Page - ***Starting_TC1_Login_Page***
22:18:46.126 [main] INFO  Test_File.TC1_Login_Page - ***Core User login***
22:18:57.867 [main] INFO  Test_File.TC2_Meeting_Page - ***Starting_TC1_Login_Page***
22:18:57.868 [main] INFO  Test_File.TC2_Meeting_Page - ***Core User login***
22:20:03.022 [main] INFO  Test_File.TC2_Meeting_Page - ***Starting_TC1_Login_Page***
22:20:03.064 [main] INFO  Test_File.TC2_Meeting_Page - ***Core User login***
22:55:47.240 [main] INFO  Test_File.TC2_Meeting_Page - ***Starting_TC1_Login_Page***
22:55:47.276 [main] INFO  Test_File.TC2_Meeting_Page - ***Core User login***
23:01:25.719 [main] INFO  Test_File.TC1_Login_Page - ***Starting_TC1_Login_Page***
23:01:25.798 [main] INFO  Test_File.TC1_Login_Page - ***Core User login***
23:05:31.173 [main] INFO  Test_File.TC1_Login_Page - ***Starting_TC1_Login_Page***
23:05:31.218 [main] INFO  Test_File.TC1_Login_Page - ***Core User login***
23:06:15.390 [main] INFO  Test_File.TC2_Meeting_Page - ***Starting_TC1_Login_Page***
23:06:15.427 [main] INFO  Test_File.TC2_Meeting_Page - ***Core User login***
23:09:52.450 [main] INFO  Test_File.TC2_Meeting_Page - ***Starting_TC1_Login_Page***
23:09:52.485 [main] INFO  Test_File.TC2_Meeting_Page - ***Core User login***
23:10:44.354 [main] INFO  Test_File.TC2_Meeting_Page - ***Starting_TC1_Login_Page***
23:10:44.384 [main] INFO  Test_File.TC2_Meeting_Page - ***Core User login***
23:14:24.298 [main] INFO  Test_File.TC2_Meeting_Page - ***Starting_TC1_Login_Page***
23:14:24.336 [main] INFO  Test_File.TC2_Meeting_Page - ***Core User login***
19:41:03.873 [main] INFO  Test_File.TC2_Meeting_Page - ***Starting_TC1_Login_Page***
19:41:03.894 [main] INFO  Test_File.TC2_Meeting_Page - ***Core User login***
20:01:48.785 [main] INFO  Test_File.TC3_Resolution_page - ***Starting_TC1_Login_Page***
20:01:48.806 [main] INFO  Test_File.TC3_Resolution_page - ***Core User login***
20:05:50.538 [main] INFO  Test_File.TC3_Resolution_page - ***Starting_TC1_Login_Page***
20:05:50.556 [main] INFO  Test_File.TC3_Resolution_page - ***Core User login***
